<?xml version="1.0" encoding="UTF-8"?>
<testng-results ignored="0" total="1" passed="1" failed="0" skipped="0">
  <reporter-output>
  </reporter-output>
  <suite started-at="2021-12-07T01:33:53 EST" name="regression" finished-at="2021-12-07T01:34:01 EST" duration-ms="7878">
    <groups>
    </groups>
    <test started-at="2021-12-07T01:33:53 EST" name="test1" finished-at="2021-12-07T01:34:01 EST" duration-ms="7878">
      <class name="testing.NewTest">
        <test-method is-config="true" signature="beforeTest(java.lang.String,java.lang.String)[pri:0, instance:testing.NewTest@3d680b5a]" started-at="2021-12-07T01:33:53 EST" name="beforeTest" finished-at="2021-12-07T01:33:56 EST" duration-ms="2466" status="PASS">
          <params>
            <param index="0">
              <value>
                <![CDATA[chrome]]>
              </value>
            </param>
            <param index="1">
              <value>
                <![CDATA[https://www.facebook.com]]>
              </value>
            </param>
          </params>
          <reporter-output>
          </reporter-output>
        </test-method> <!-- beforeTest -->
        <test-method signature="f1()[pri:1, instance:testing.NewTest@3d680b5a]" started-at="2021-12-07T01:33:56 EST" name="f1" finished-at="2021-12-07T01:33:57 EST" duration-ms="1034" status="PASS">
          <reporter-output>
          </reporter-output>
        </test-method> <!-- f1 -->
        <test-method is-config="true" signature="afterTest()[pri:0, instance:testing.NewTest@3d680b5a]" started-at="2021-12-07T01:33:57 EST" name="afterTest" finished-at="2021-12-07T01:34:01 EST" duration-ms="4172" status="PASS">
          <reporter-output>
          </reporter-output>
        </test-method> <!-- afterTest -->
      </class> <!-- testing.NewTest -->
    </test> <!-- test1 -->
  </suite> <!-- regression -->
</testng-results>
